<?xml version="1.0" encoding="UTF-8"?>
<!-- Generated by org.testng.reporters.JUnitReportReporter -->
<testsuite hostname="DESKTOP-MCPG6KU" failures="0" tests="10" name="runner.RunCucumber" time="28.410" errors="0" timestamp="2021-10-03T20:13:51 CEST" skipped="0">
  <testcase classname="runner.RunCucumber" name="runScenario" time="5.994"/>
  <system-out/>
  <testcase classname="runner.RunCucumber" name="runScenario" time="1.795"/>
  <system-out/>
  <testcase classname="runner.RunCucumber" name="runScenario" time="1.811"/>
  <system-out/>
  <testcase classname="runner.RunCucumber" name="runScenario" time="4.607"/>
  <system-out/>
  <testcase classname="runner.RunCucumber" name="runScenario" time="2.456"/>
  <system-out/>
  <testcase classname="runner.RunCucumber" name="runScenario" time="2.534"/>
  <system-out/>
  <testcase classname="runner.RunCucumber" name="runScenario" time="2.487"/>
  <system-out/>
  <testcase classname="runner.RunCucumber" name="runScenario" time="2.460"/>
  <system-out/>
  <testcase classname="runner.RunCucumber" name="runScenario" time="2.383"/>
  <system-out/>
  <testcase classname="runner.RunCucumber" name="runScenario" time="1.883"/>
  <system-out/>
</testsuite> <!-- runner.RunCucumber -->
